<?xml version="1.0" encoding="UTF-8"?>
<testsuite xmlns:xsi="http://www.w3.org/2001/XMLSchema-instance" xsi:noNamespaceSchemaLocation="https://maven.apache.org/surefire/maven-failsafe-plugin/xsd/failsafe-test-report-3.0.xsd" version="3.0" name="com.accura.dsp.runner.TestRunner" time="502.73" tests="3" errors="0" skipped="0" failures="0">
  <properties>
[...]
</properties>
  <testcase name="When open the home screen and display accura vehicles" classname="Verify the landing screen for accura" time="66.292">
    <system-out><![CDATA[
@smoke
Scenario: When open the home screen and display accura vehicles &amp#27;[90m# src/test/resources/features/LandingScreen.feature:3&amp#27;[0m
  &amp#27;[32mGiven &amp#27;[0m&amp#27;[32mI open the URL&amp#27;[0m                                          &amp#27;[90m# com.accura.dsp.definitions.LandingScreendefinition.iOpenTheURL()&amp#27;[0m
  &amp#27;[32mWhen &amp#27;[0m&amp#27;[32mI am on the landing screen&amp#27;[0m                               &amp#27;[90m# com.accura.dsp.definitions.LandingScreendefinition.iAmOnTheLandingScreen()&amp#27;[0m
  &amp#27;[32mThen &amp#27;[0m&amp#27;[32mverify the menu list present&amp#27;[0m                             &amp#27;[90m# com.accura.dsp.definitions.LandingScreendefinition.verifyTheMenuListPresent()&amp#27;[0m
]]></system-out>
    <system-err><![CDATA[SLF4J: Failed to load class "org.slf4j.impl.StaticLoggerBinder".
SLF4J: Defaulting to no-operation (NOP) logger implementation
SLF4J: See http://www.slf4j.org/codes.html#StaticLoggerBinder for further details.
]]></system-err>
  </testcase>
  <testcase name="Naigate to Vehicle search screen" classname="Verify the landing screen for accura" time="270.971">
    <system-out><![CDATA[
@Regression
Scenario: Naigate to Vehicle search screen &amp#27;[90m# src/test/resources/features/LandingScreen.feature:9&amp#27;[0m
  &amp#27;[32mGiven &amp#27;[0m&amp#27;[32mI open the URL&amp#27;[0m                     &amp#27;[90m# com.accura.dsp.definitions.LandingScreendefinition.iOpenTheURL()&amp#27;[0m
  &amp#27;[32mWhen &amp#27;[0m&amp#27;[32mI am on the landing screen&amp#27;[0m          &amp#27;[90m# com.accura.dsp.definitions.LandingScreendefinition.iAmOnTheLandingScreen()&amp#27;[0m
  &amp#27;[32mThen &amp#27;[0m&amp#27;[32mI change the location&amp#27;[0m               &amp#27;[90m# com.accura.dsp.definitions.LandingScreendefinition.iChangeTheLocation()&amp#27;[0m
  &amp#27;[32mThen &amp#27;[0m&amp#27;[32mVerify Location is changed&amp#27;[0m          &amp#27;[90m# com.accura.dsp.definitions.LandingScreendefinition.verifyLocationIsChanged()&amp#27;[0m
  &amp#27;[32mThen &amp#27;[0m&amp#27;[32mNavigate to Vehicle search page&amp#27;[0m     &amp#27;[90m# com.accura.dsp.definitions.LandingScreendefinition.navigateToVehicleSearchPage()&amp#27;[0m
]]></system-out>
  </testcase>
  <testcase name="Successful sign in" classname="Sign in to Accura" time="157.123">
    <system-out><![CDATA[
@signing
Scenario: Successful sign in                     &amp#27;[90m# src/test/resources/features/SigninScreen.feature:3&amp#27;[0m
  &amp#27;[32mGiven &amp#27;[0m&amp#27;[32mI open the URL&amp#27;[0m                           &amp#27;[90m# com.accura.dsp.definitions.LandingScreendefinition.iOpenTheURL()&amp#27;[0m
  &amp#27;[32mWhen &amp#27;[0m&amp#27;[32mthe user enters valid credentials&amp#27;[0m         &amp#27;[90m# com.accura.dsp.definitions.SigninScreendefinition.theUserEntersValidCredentials()&amp#27;[0m
  &amp#27;[32mThen &amp#27;[0m&amp#27;[32mthe user should be signed in successfully&amp#27;[0m &amp#27;[90m# com.accura.dsp.definitions.SigninScreendefinition.theUserShouldBeSignedInSuccessfully()&amp#27;[0m
]]></system-out>
  </testcase>
</testsuite>